<?xml version="1.0" encoding="UTF-8"?>
<!-- Generated by org.testng.reporters.JUnitReportReporter -->
<testsuite hostname="Malhari" failures="0" tests="1" name="SwagLabs.Login" time="5.052" errors="0" timestamp="2024-05-27T14:07:03 IST" skipped="0">
  <testcase classname="SwagLabs.Login" name="login_test" time="5.052"/>
</testsuite> <!-- SwagLabs.Login -->
