<?xml version="1.0" encoding="UTF-8"?>
<!-- Generated by org.testng.reporters.JUnitReportReporter -->
<testsuite hostname="Malhari" failures="0" tests="1" name="SwagLabs.BrokenLinks" time="9.817" errors="0" timestamp="2024-05-27T17:25:54 IST" skipped="0">
  <testcase classname="SwagLabs.BrokenLinks" name="blinks" time="9.817"/>
</testsuite> <!-- SwagLabs.BrokenLinks -->
