<?xml version="1.0" encoding="UTF-8"?>
<!-- Generated by org.testng.reporters.JUnitReportReporter -->
<testsuite hostname="Malhari" failures="0" tests="1" name="SwagLabs.BrokenLinks" time="4.467" errors="0" timestamp="2024-05-30T13:00:30 IST" skipped="0">
  <testcase classname="SwagLabs.BrokenLinks" name="blinks" time="4.467"/>
</testsuite> <!-- SwagLabs.BrokenLinks -->
