<?xml version="1.0" encoding="UTF-8"?>
<!-- Generated by org.testng.reporters.JUnitReportReporter -->
<testsuite hostname="Malhari" failures="0" tests="1" name="SwagLabs.frames" time="6.274" errors="0" timestamp="2024-06-05T18:55:08 IST" skipped="0">
  <testcase classname="SwagLabs.frames" name="frame" time="6.274"/>
</testsuite> <!-- SwagLabs.frames -->
