<?xml version="1.0" encoding="UTF-8"?>
<!-- Generated by org.testng.reporters.JUnitReportReporter -->
<testsuite hostname="Malhari" failures="0" tests="1" name="SwagLabs.AddtoCart" time="9.110" errors="0" timestamp="2024-05-30T13:00:30 IST" skipped="0">
  <testcase classname="SwagLabs.AddtoCart" name="FleeceJacket" time="9.110"/>
</testsuite> <!-- SwagLabs.AddtoCart -->
