<?xml version="1.0" encoding="UTF-8"?>
<!-- Generated by org.testng.reporters.JUnitReportReporter -->
<testsuite hostname="Malhari" failures="0" tests="1" name="SwagLabs.Filtrationtest" time="11.849" errors="0" timestamp="2024-05-27T17:25:54 IST" skipped="0">
  <testcase classname="SwagLabs.Filtrationtest" name="filtrationtest" time="11.849"/>
</testsuite> <!-- SwagLabs.Filtrationtest -->
