<?xml version="1.0" encoding="UTF-8"?>
<!-- Generated by org.testng.reporters.JUnitReportReporter -->
<testsuite hostname="Malhari" failures="0" tests="1" name="SwagLabs.AddtoCart" time="10.216" errors="0" timestamp="2024-05-27T11:07:40 IST" skipped="0">
  <testcase classname="SwagLabs.AddtoCart" name="FleeceJacket" time="10.216"/>
</testsuite> <!-- SwagLabs.AddtoCart -->
