<?xml version="1.0" encoding="UTF-8"?>
<!-- Generated by org.testng.reporters.JUnitReportReporter -->
<testsuite hostname="Malhari" failures="0" tests="1" name="SwagLabs.Login" time="7.037" errors="0" timestamp="2024-05-23T17:16:14 IST" skipped="0">
  <testcase classname="SwagLabs.Login" name="login_test" time="7.037"/>
</testsuite> <!-- SwagLabs.Login -->
