<?xml version="1.0" encoding="UTF-8"?>
<!-- Generated by org.testng.reporters.JUnitReportReporter -->
<testsuite hostname="Malhari" failures="0" tests="1" name="SwagLabs.BrokenLinks" time="4.655" errors="0" timestamp="2024-05-28T18:40:19 IST" skipped="0">
  <testcase classname="SwagLabs.BrokenLinks" name="blinks" time="4.655"/>
</testsuite> <!-- SwagLabs.BrokenLinks -->
