<?xml version="1.0" encoding="UTF-8"?>
<!-- Generated by org.testng.reporters.JUnitReportReporter -->
<testsuite hostname="Malhari" failures="0" tests="1" name="SwagLabs.Login" time="6.300" errors="0" timestamp="2024-05-27T11:07:13 IST" skipped="0">
  <testcase classname="SwagLabs.Login" name="login_test" time="6.300"/>
</testsuite> <!-- SwagLabs.Login -->
