<?xml version="1.0" encoding="UTF-8"?>
<!-- Generated by org.testng.reporters.JUnitReportReporter -->
<testsuite hostname="Malhari" failures="0" tests="1" name="SwagLabs.Login" time="14.118" errors="0" timestamp="2024-05-24T11:59:16 IST" skipped="0">
  <testcase classname="SwagLabs.Login" name="login_test" time="14.118"/>
</testsuite> <!-- SwagLabs.Login -->
