<?xml version="1.0" encoding="UTF-8"?>
<!-- Generated by org.testng.reporters.JUnitReportReporter -->
<testsuite hostname="Malhari" failures="0" tests="1" name="SwagLabs.AddtoCart" time="8.698" errors="0" timestamp="2024-05-28T18:40:19 IST" skipped="0">
  <testcase classname="SwagLabs.AddtoCart" name="FleeceJacket" time="8.698"/>
</testsuite> <!-- SwagLabs.AddtoCart -->
